<?xml version="1.0" encoding="UTF-8"?>
<!-- Generated by org.testng.reporters.JUnitReportReporter -->
<testsuite skipped="0" hostname="DESKTOP-L60OGDT" name="tests.LoginTest" tests="1" failures="0" timestamp="14 Aug 2019 22:29:50 GMT" time="11.302" errors="0">
  <testcase name="login" time="11.302" classname="tests.LoginTest"/>
</testsuite> <!-- tests.LoginTest -->
